<?xml version="1.0" encoding="UTF-8"?>
<!-- Generated by org.testng.reporters.JUnitXMLReporter -->
<testsuite hostname="HP" ignored="0" name="Sanity_test" tests="6" failures="0" timestamp="04 Apr 2019 14:06:58 GMT" time="0.121" errors="0">
  <testcase name="addVendor" time="0.011" classname="testNGPackage.Class1"/>
  <testcase name="deleteVendor" time="0.007" classname="testNGPackage.Class2"/>
  <testcase name="addProduct" time="0.005" classname="testNGPackage.Class1"/>
  <testcase name="deleteProduct" time="0.008" classname="testNGPackage.Class2"/>
  <testcase name="addCurrency" time="0.003" classname="testNGPackage.Class1"/>
  <testcase name="deleteCurrency" time="0.002" classname="testNGPackage.Class2"/>
</testsuite> <!-- Sanity_test -->
